[debug] ----------------------------------------------------------------------
[debug] Command:      C:\Program Files\nodejs\node.exe C:\Users\LUCAS GOSSE\AppData\Roaming\npm\node_modules\firebase-tools\bin\firebase init
[debug] CLI Version:  3.2.3
[debug] Platform:     win32
[debug] Node Version: v6.9.1
[debug] Time:         Thu Feb 16 2017 22:43:17 GMT+0100 (Paris, Madrid)
[debug] ----------------------------------------------------------------------
[debug] 
[debug] > command requires scopes: ["email","openid","https://www.googleapis.com/auth/cloudplatformprojects.readonly","https://www.googleapis.com/auth/firebase"]
[info] 
     ######## #### ########  ######## ########     ###     ######  ########
     ##        ##  ##     ## ##       ##     ##  ##   ##  ##       ##
     ######    ##  ########  ######   ########  #########  ######  ######
     ##        ##  ##    ##  ##       ##     ## ##     ##       ## ##
     ##       #### ##     ## ######## ########  ##     ##  ######  ########

You're about to initialize a Firebase project in this directory:

  C:\Users\LUCAS GOSSE\.babun\cygwin\home\LUCAS GOSSE\404Website

[debug] ----------------------------------------------------------------------
[debug] Command:      C:\Program Files\nodejs\node.exe C:\Users\LUCAS GOSSE\AppData\Roaming\npm\node_modules\firebase-tools\bin\firebase init
[debug] CLI Version:  3.2.3
[debug] Platform:     win32
[debug] Node Version: v6.9.1
[debug] Time:         Thu Feb 16 2017 22:43:39 GMT+0100 (Paris, Madrid)
[debug] ----------------------------------------------------------------------
[debug] 
[debug] > command requires scopes: ["email","openid","https://www.googleapis.com/auth/cloudplatformprojects.readonly","https://www.googleapis.com/auth/firebase"]
[info] 
     ######## #### ########  ######## ########     ###     ######  ########
     ##        ##  ##     ## ##       ##     ##  ##   ##  ##       ##
     ######    ##  ########  ######   ########  #########  ######  ######
     ##        ##  ##    ##  ##       ##     ## ##     ##       ## ##
     ##       #### ##     ## ######## ########  ##     ##  ######  ########

You're about to initialize a Firebase project in this directory:

  C:\Users\LUCAS GOSSE\.babun\cygwin\home\LUCAS GOSSE\404Website

[debug] ----------------------------------------------------------------------
[debug] Command:      C:\Program Files\nodejs\node.exe C:\Users\LUCAS GOSSE\AppData\Roaming\npm\node_modules\firebase-tools\bin\firebase init --interactive
[debug] CLI Version:  3.2.3
[debug] Platform:     win32
[debug] Node Version: v6.9.1
[debug] Time:         Thu Feb 16 2017 22:43:48 GMT+0100 (Paris, Madrid)
[debug] ----------------------------------------------------------------------
[debug] 
[debug] > command requires scopes: ["email","openid","https://www.googleapis.com/auth/cloudplatformprojects.readonly","https://www.googleapis.com/auth/firebase"]
[info] 
     ######## #### ########  ######## ########     ###     ######  ########
     ##        ##  ##     ## ##       ##     ##  ##   ##  ##       ##
     ######    ##  ########  ######   ########  #########  ######  ######
     ##        ##  ##    ##  ##       ##     ## ##     ##       ## ##
     ##       #### ##     ## ######## ########  ##     ##  ######  ########

You're about to initialize a Firebase project in this directory:

  C:\Users\LUCAS GOSSE\.babun\cygwin\home\LUCAS GOSSE\404Website

[info] 
=== Project Setup
[info] 
[info] First, let's associate this project directory with a Firebase project.
[info] You can create multiple project aliases by running firebase use --add, 
[info] but for now we'll just set up a default project.
[info] 
[debug] > refreshing access token with scopes: ["email","https://www.googleapis.com/auth/cloudplatformprojects.readonly","https://www.googleapis.com/auth/firebase","openid"]
[debug] >>> HTTP REQUEST POST https://www.googleapis.com/oauth2/v3/token { refresh_token: '1/ZlJizPp_Sn2Xzr2F_xLkSw1K_L8oxoXLVdu38cW52Ho',
  client_id: '563584335869-fgrhgmd47bqnekij5i8b5pr03ho849e6.apps.googleusercontent.com',
  client_secret: 'j9iVZfS8kkCEFUPaAeJV0sAi',
  grant_type: 'refresh_token',
  scope: 'email https://www.googleapis.com/auth/cloudplatformprojects.readonly https://www.googleapis.com/auth/firebase openid' } 
 Thu Feb 16 2017 22:43:56 GMT+0100 (Paris, Madrid)
[debug] <<< HTTP RESPONSE 200
[debug] >>> HTTP REQUEST GET https://admin.firebase.com/v1/projects  
 Thu Feb 16 2017 22:43:56 GMT+0100 (Paris, Madrid)
[debug] <<< HTTP RESPONSE 200
[debug] ----------------------------------------------------------------------
[debug] Command:      C:\Program Files\nodejs\node.exe C:\Users\LUCAS GOSSE\AppData\Roaming\npm\node_modules\firebase-tools\bin\firebase init
[debug] CLI Version:  3.2.3
[debug] Platform:     win32
[debug] Node Version: v6.9.1
[debug] Time:         Thu Feb 16 2017 22:44:28 GMT+0100 (Paris, Madrid)
[debug] ----------------------------------------------------------------------
[debug] 
[debug] > command requires scopes: ["email","openid","https://www.googleapis.com/auth/cloudplatformprojects.readonly","https://www.googleapis.com/auth/firebase"]
[info] 
     ######## #### ########  ######## ########     ###     ######  ########
     ##        ##  ##     ## ##       ##     ##  ##   ##  ##       ##
     ######    ##  ########  ######   ########  #########  ######  ######
     ##        ##  ##    ##  ##       ##     ## ##     ##       ## ##
     ##       #### ##     ## ######## ########  ##     ##  ######  ########

You're about to initialize a Firebase project in this directory:

  C:\Users\LUCAS GOSSE\.babun\cygwin\home\LUCAS GOSSE\404Website

