Arguments: 
  /Users/lgosse/.brew/Cellar/node/7.4.0/bin/node /Users/lgosse/.brew/bin/yarn add @angular/materia

PATH: 
  /Users/lgosse/.brew/bin:/Users/lgosse/.brew/bin:/usr/bin:/bin:/usr/sbin:/sbin:/usr/local/bin:/usr/local/munki

Yarn version: 
  0.19.1

Node version: 
  7.4.0

Platform: 
  darwin x64

npm manifest: 
  {
    "name": "bde404-website",
    "version": "0.0.0",
    "license": "MIT",
    "angular-cli": {},
    "scripts": {
      "ng": "ng",
      "start": "ng serve",
      "lint": "tslint \"src/**/*.ts\" --project src/tsconfig.json --type-check && tslint \"e2e/**/*.ts\" --project e2e/tsconfig.json --type-check",
      "test": "ng test",
      "pree2e": "webdriver-manager update --standalone false --gecko false",
      "e2e": "protractor"
    },
    "private": true,
    "dependencies": {
      "@angular/common": "^2.3.1",
      "@angular/compiler": "^2.3.1",
      "@angular/core": "^2.3.1",
      "@angular/forms": "^2.3.1",
      "@angular/http": "^2.3.1",
      "@angular/platform-browser": "^2.3.1",
      "@angular/platform-browser-dynamic": "^2.3.1",
      "@angular/router": "^3.3.1",
      "core-js": "^2.4.1",
      "rxjs": "^5.0.1",
      "ts-helpers": "^1.1.1",
      "zone.js": "^0.7.2"
    },
    "devDependencies": {
      "@angular/compiler-cli": "^2.3.1",
      "@types/jasmine": "2.5.38",
      "@types/node": "^6.0.42",
      "angular-cli": "1.0.0-beta.26",
      "codelyzer": "~2.0.0-beta.1",
      "jasmine-core": "2.5.2",
      "jasmine-spec-reporter": "2.5.0",
      "karma": "1.2.0",
      "karma-chrome-launcher": "^2.0.0",
      "karma-cli": "^1.0.1",
      "karma-jasmine": "^1.0.2",
      "karma-remap-istanbul": "^0.2.1",
      "protractor": "~4.0.13",
      "ts-node": "1.2.1",
      "tslint": "^4.3.0",
      "typescript": "~2.0.3"
    }
  }

yarn manifest: 
  No manifest

Lockfile: 
  No lockfile

Trace: 
  Error: https://registry.yarnpkg.com/@angular%2fmateria: Not found
      at Request.params.callback [as _callback] (/Users/lgosse/.brew/lib/node_modules/yarn/lib/util/request-manager.js:313:18)
      at Request.self.callback (/Users/lgosse/.brew/lib/node_modules/yarn/node_modules/request/request.js:186:22)
      at emitTwo (events.js:106:13)
      at Request.emit (events.js:191:7)
      at Request.<anonymous> (/Users/lgosse/.brew/lib/node_modules/yarn/node_modules/request/request.js:1081:10)
      at emitOne (events.js:96:13)
      at Request.emit (events.js:188:7)
      at IncomingMessage.<anonymous> (/Users/lgosse/.brew/lib/node_modules/yarn/node_modules/request/request.js:1001:12)
      at Object.onceWrapper (events.js:290:19)
      at emitNone (events.js:91:20)
